c:\_dev\freetype\freetype-2.9.1\objs\x64\release\ftdebug.obj
c:\_dev\freetype\freetype-2.9.1\objs\x64\release\ftmm.obj
c:\_dev\freetype\freetype-2.9.1\objs\x64\release\ftcache.obj
c:\_dev\freetype\freetype-2.9.1\objs\x64\release\pshinter.obj
c:\_dev\freetype\freetype-2.9.1\objs\x64\release\ftfstype.obj
c:\_dev\freetype\freetype-2.9.1\objs\x64\release\ftotval.obj
c:\_dev\freetype\freetype-2.9.1\objs\x64\release\fttype1.obj
c:\_dev\freetype\freetype-2.9.1\objs\x64\release\ftlzw.obj
c:\_dev\freetype\freetype-2.9.1\objs\x64\release\sfnt.obj
c:\_dev\freetype\freetype-2.9.1\objs\x64\release\ftgasp.obj
c:\_dev\freetype\freetype-2.9.1\objs\x64\release\cff.obj
c:\_dev\freetype\freetype-2.9.1\objs\x64\release\ftbdf.obj
c:\_dev\freetype\freetype-2.9.1\objs\x64\release\ftsystem.obj
c:\_dev\freetype\freetype-2.9.1\objs\x64\release\pcf.obj
c:\_dev\freetype\freetype-2.9.1\objs\x64\release\smooth.obj
c:\_dev\freetype\freetype-2.9.1\objs\x64\release\ftglyph.obj
c:\_dev\freetype\freetype-2.9.1\objs\x64\release\ftpfr.obj
c:\_dev\freetype\freetype-2.9.1\objs\x64\release\ftgzip.obj
c:\_dev\freetype\freetype-2.9.1\objs\x64\release\ftbase.obj
c:\_dev\freetype\freetype-2.9.1\objs\x64\release\winfnt.obj
c:\_dev\freetype\freetype-2.9.1\objs\x64\release\ftcid.obj
c:\_dev\freetype\freetype-2.9.1\objs\x64\release\ftwinfnt.obj
c:\_dev\freetype\freetype-2.9.1\objs\x64\release\pfr.obj
c:\_dev\freetype\freetype-2.9.1\objs\x64\release\ftinit.obj
c:\_dev\freetype\freetype-2.9.1\objs\x64\release\ftstroke.obj
c:\_dev\freetype\freetype-2.9.1\objs\x64\release\psmodule.obj
c:\_dev\freetype\freetype-2.9.1\objs\x64\release\type42.obj
c:\_dev\freetype\freetype-2.9.1\objs\x64\release\autofit.obj
c:\_dev\freetype\freetype-2.9.1\objs\x64\release\truetype.obj
c:\_dev\freetype\freetype-2.9.1\objs\x64\release\ftbitmap.obj
c:\_dev\freetype\freetype-2.9.1\objs\x64\release\ftsynth.obj
c:\_dev\freetype\freetype-2.9.1\objs\x64\release\psaux.obj
c:\_dev\freetype\freetype-2.9.1\objs\x64\release\ftgxval.obj
c:\_dev\freetype\freetype-2.9.1\objs\x64\release\ftpatent.obj
c:\_dev\freetype\freetype-2.9.1\objs\x64\release\type1cid.obj
c:\_dev\freetype\freetype-2.9.1\objs\x64\release\raster.obj
c:\_dev\freetype\freetype-2.9.1\objs\x64\release\ftbbox.obj
c:\_dev\freetype\freetype-2.9.1\objs\x64\release\bdf.obj
c:\_dev\freetype\freetype-2.9.1\objs\x64\release\type1.obj
c:\_dev\freetype\freetype-2.9.1\objs\x64\release\freetype.lib
c:\_dev\freetype\freetype-2.9.1\objs\x64\release\freetype.exp
c:\_dev\freetype\freetype-2.9.1\objs\x64\release\freetype.ilk
c:\_dev\freetype\freetype-2.9.1\objs\x64\release\freetype.dll
c:\_dev\freetype\freetype-2.9.1\objs\x64\release\freetype.pdb
c:\_dev\freetype\freetype-2.9.1\objs\x64\release\ftver.res
c:\_dev\freetype\freetype-2.9.1\objs\x64\release\..\..\..\objs\x64\release\freetype.pdb
c:\_dev\freetype\freetype-2.9.1\objs\x64\release\..\..\..\objs\x64\release\freetype.ilk
c:\_dev\freetype\freetype-2.9.1\objs\x64\release\freetype.tlog\cl.command.1.tlog
c:\_dev\freetype\freetype-2.9.1\objs\x64\release\freetype.tlog\cl.read.1.tlog
c:\_dev\freetype\freetype-2.9.1\objs\x64\release\freetype.tlog\cl.write.1.tlog
c:\_dev\freetype\freetype-2.9.1\objs\x64\release\freetype.tlog\freetype.write.1u.tlog
c:\_dev\freetype\freetype-2.9.1\objs\x64\release\freetype.tlog\link.command.1.tlog
c:\_dev\freetype\freetype-2.9.1\objs\x64\release\freetype.tlog\link.read.1.tlog
c:\_dev\freetype\freetype-2.9.1\objs\x64\release\freetype.tlog\link.write.1.tlog
c:\_dev\freetype\freetype-2.9.1\objs\x64\release\freetype.tlog\rc.command.1.tlog
c:\_dev\freetype\freetype-2.9.1\objs\x64\release\freetype.tlog\rc.read.1.tlog
c:\_dev\freetype\freetype-2.9.1\objs\x64\release\freetype.tlog\rc.write.1.tlog
